Profit = 11789700

:           x        z    :=
1            .       0
2            .       1
3            .       1
4            .       1
5            .       0
6            .       1
7            .       1
8            .       0
SH001     0          .
SH002   448.857      .
SH003     0          .
SH004     0          .
SH005    33.1429     .
SH006     0          .
SH007     0          .
SH008     0          .
SH009    27          .
SH010     0          .
SH011   433.429      .
SH012   289.045      .
SH013   425.429      .
SH014     0          .
SH015     0          .
SH016     0          .
SH017     0          .
SH018   247.219      .
SH019   200.088      .
SH020     0          .
SH021     0          .
SH022     0          .
SH023     0          .
SH024   399.379      .
SH025   404.286      .
SH026     0          .
SH027   434          .
SH028     0          .
SH029   410.216      .
SH030     0          .
SH031   305.622      .
SH032   490.857      .
SH033     0          .
SH034   372.571      .
SH035     0          .
SH036     0          .
SH037     0          .
SH038   478.571      .
SH039   389.429      .
SH040   432.857      .
SH041   338.738      .
SH042   215.137      .
SH043     0          .
SH044   442.286      .
SH045   374.306      .
SH046     0          .
SH047   410.571      .
SH048   292.214      .
SH049     0          .
SH050   437.429      .
SH051     0          .
SH052     0          .
SH053     0          .
SH054     0          .
SH055     0          .
SH056     0          .
SH057   204.81       .
SH058   432          .
SH059     7.67893    .
SH060   191.181      .
SH061   167.912      .
SH062   458.286      .
SH063   446          .
SH064    18.2534     .
SH065   369.039      .
SH066     0          .
SH067     0          .
SH068     0          .
SH069     0          .
SH070     0          .
SH071   338.729      .
SH072     6.87916    .
SH073   345.834      .
SH074     0          .
SH075     0          .
SH076    64.9008     .
SH077   176.86       .
SH078   407.143      .
SH079   195.042      .
SH080   409.429      .
SH081   163.884      .
SH082   288.762      .
SH083     0          .
SH084     0          .
SH085     0          .
SH086     0          .
SH087   430          .
SH088   423.429      .
SH089     0          .
SH090   474.571      .
SH091     0          .
SH092     0          .
SH093   284.527      .
SH094   307.216      .
SH095   422.286      .
SH096   452.571      .
SH097     0          .
SH098     0          .
SH099     0          .
SH100     0          .
SH101     0          .
SH102     0          .
SH103     0          .
SH104     0          .
SH105   418          .
SH106   201.096      .
SH107     1.4354     .
SH108     0          .
SH109     0          .
SH110   417.143      .
SH111     0          .
SH112     0          .
SH113   454.286      .
SH114     0          .
SH115     0          .
SH116   199.755      .
SH117    20.5311     .
SH118   293.557      .
SH119     0          .
SH120     0          .
SH121   508.286      .
SH122     0          .
SH123     0          .
SH124     0          .
SH125     0          .
SH126    75.602      .
SH127   381.295      .
SH128     0          .
SH129     0          .
SH130    93.6652     .
SH131    54.726      .
SH132     0          .
SH133   134.866      .
SH134   490.286      .
SH135     0          .
SH136     0          .
SH137     0          .
SH138     0          .
SH139     0          .
SH140     0          .
SH141     0          .
SH142   398.857      .
SH143     0          .
SH144   448.857      .
SH145     0          .
SH146   489.143      .
SH147    68.4137     .
SH148     0          .
SH149    88.383      .
SH150   425.429      .
SH151     0          .
SH152     0          .
SH153   129.82       .
SH154   437.143      .
SH155     0          .
SH156     0          .
SH157     0          .
SH158     0          .
SH159     0          .
SH160    21          .
SH161     0          .
SH162     0          .
SH163     0          .
SH164     0          .
SH165   460          .
SH166     0          .
SH167     0          .
SH168   379.926      .
SH169     0          .
SH170     0          .
SH171     0          .
SH172    82.3521     .
SH173   308.491      .
SH174     0          .
SH175     0          .
SH176   450.286      .
SH177     0          .
SH178   139.775      .
SH179   107.645      .
SH180     0          .
SH181     0          .
SH182     0          .
SH183    10.7182     .
SH184   105.163      .
SH185   370.617      .
SH186    68.0572     .
SH187   114.793      .
SH188   246.232      .
SH189     0          .
SH190     0          .
SH191    80.6177     .
SH192     0          .
SH193     0          .
SH194   303.543      .
SH195   243.066      .
SH196     0          .
SH197   437.429      .
SH198     0          .
SH199     0          .
SH200     0          .
SH201   476.286      .
SH202     0          .
SH203   500.571      .
SH204     0          .
SH205   144.365      .
SH206     0          .
SH207     0          .
SH208     0          .
SH209   436.423      .
SH210     0          .
SH211     0          .
SH212     0          .
SH213   436.857      .
SH214     0          .
SH215     0          .
SH216     0          .
SH217   205.84       .
SH218     0          .
SH219     0          .
SH220     0          .
SH221   468.286      .
SH222     2.78749    .
SH223   409.143      .
SH224   442.571      .
SH225   403.874      .
SH226   418.857      .
SH227   256.222      .
SH228     0          .
SH229     0          .
SH230    69.6662     .
SH231     0          .
SH232   418.972      .
SH233   448.571      .
SH234   405.143      .
SH235   470.857      .
SH236   496.857      .
SH237     0          .
SH238   396.465      .
SH239   109.914      .
SH240   107.109      .
SH241   418.571      .
SH242     0          .
SH243     0          .
SH244   241.934      .
SH245     0          .
SH246     0          .
SH247   422          .
SH248    78.5367     .
SH249   405.429      .
SH250     0          .
SH251     0          .
SH252     0          .
SH253   381.143      .
SH254   479.429      .
SH255   202.693      .
SH256   434.286      .
SH257     0          .
SH258     0          .
SH259     0          .
SH260     1.93737    .
SH261   409.143      .
SH262   411.143      .
SH263     0          .
SH264     0          .
SH265   413.143      .
SH266     0          .
SH267     0          .
SH268     0          .
SH269   429.429      .
SH270    76.1212     .
SH271     0          .
SH272     0          .
SH273   267.014      .
SH274   119.008      .
SH275     0          .
SH276   279.884      .
SH277   422.857      .
SH278     0          .
SH279    18.8891     .
SH280     0          .
SH281   307.907      .
SH282   415.143      .
SH283     0          .
SH284   460.889      .
SH285     0          .
SH286   436.548      .
SH287   410.286      .
SH288   162.086      .
SH289   429.829      .
SH290   129.57       .
SH291     0          .
SH292   136.365      .
SH293     0          .
SH294     0          .
SH295   403.429      .
SH296     0          .
SH297     0          .
SH298   110.829      .
SH299   408.014      .
SH300   427.429      .
SH301     0          .
SH302     0          .
SH303     0          .
SH304     0          .
SH305     0          .
SH306     0          .
SH307    81.2943     .
SH308   266.427      .
SH309     0          .
SH310     0          .
SH311     0          .
SH312   476.857      .
SH313   483.429      .
SH314   391.143      .
SH315     0          .
SH316   168.419      .
SH317   316.143      .
SH318     0          .
SH319     0          .
SH320   462.286      .
SH321     0          .
SH322   290.699      .
SH323     0          .
SH324     0          .
SH325   475.143      .
SH326     0          .
SH327     0          .
SH328   194.248      .
SH329   400          .
SH330     0          .
SH331     0          .
SH332     0          .
SH333     0          .
SH334   386.571      .
SH335     0          .
SH336     0          .
SH337     0          .
SH338   109.157      .
SH339     0          .
SH340   439.435      .
SH341   429.429      .
SH342   299.33       .
SH343    30.1097     .
SH344     0          .
SH345   317.786      .
SH346     0          .
SH347   176.703      .
SH348   488.857      .
SH349    40.6795     .
SH350     0          .
SH351     0          .
SH352   396.571      .
SH353     0          .
SH354     0          .
SH355     0          .
SH356   186.22       .
SH357     0          .
SH358     0          .
SH359    20.7196     .
SH360     0          .
SH361   417.429      .
SH362   419.429      .
SH363     0          .
SH364     0          .
SH365   259.804      .
SH366   197.702      .
SH367   452.286      .
SH368     0          .
SH369   378          .
SH370     0          .
SH371     0          .
SH372   273.751      .
SH373   416.571      .
SH374     0          .
SH375     0          .
SH376    24.0941     .
SH377   148.671      .
SH378   422.571      .
SH379   254.092      .
SH380     0          .
SH381    17.8297     .
SH382     0          .
SH383     0          .
SH384   504.571      .
SH385     0          .
SH386     0          .
SH387     0          .
SH388     0.215179   .
SH389     0          .
SH390     0          .
SH391   127.685      .
SH392     0          .
SH393     0          .
SH394     0          .
SH395   448.376      .
SH396     0          .
SH397     0          .
SH398     0          .
SH399   442.857      .
SH400     0          .
SH401     0          .
SH402    43.8644     .
SH403     0          .
SH404     0          .
SH405     0          .
SH406     0          .
SH407   437.429      .
SH408     0          .
SH409     0          .
SH410   262.168      .
SH411   399.904      .
SH412    87.6778     .
SH413     0          .
SH414     0          .
SH415   438.286      .
SH416     0          .
SH417   482          .
SH418   343.171      .
SH419   289.92       .
SH420    89.7077     .
SH421   416.571      .
SH422     0          .
SH423   419.017      .
SH424     0          .
SH425   458.571      .
SH426     0          .
SH427   477.429      .
SH428     0          .
SH429    27.3735     .
SH430   430          .
SH431     0          .
SH432     0          .
SH433     0          .
SH434     0          .
SH435   245.975      .
SH436     0          .
SH437     0          .
SH438    96.8        .
SH439     0          .
SH440     0          .
SH441     0          .
SH442     0          .
SH443     0          .
SH444   175.467      .
SH445   462.857      .
SH446     0          .
SH447   458.857      .
SH448     0          .
SH449   209.982      .
SH450     0          .
SH451   455.429      .
SH452     0          .
SH453   470.857      .
SH454     0          .
SH455     0.515306   .
SH456   430          .
SH457   252.964      .
SH458   218.811      .
SH459   265.488      .
SH460     0          .
SH461     0          .
SH462   181.706      .
SH463     0          .
SH464   403.218      .
SH465   270.282      .
SH466   440.857      .
SH467   126.223      .
SH468   141.204      .
SH469     0          .
SH470   379.233      .
SH471   394.489      .
SH472   292.349      .
SH473   194.343      .
SH474   281.762      .
SH475     0          .
SH476   416.857      .
SH477   422.571      .
SH478   354.294      .
SH479   488.286      .
SH480     0          .
SH481     0          .
SH482   112.234      .
SH483   434.571      .
SH484     0          .
SH485     0          .
SH486     0          .
SH487    83.1042     .
SH488     0          .
SH489   441.429      .
SH490   537.143      .
SH491   183.511      .
SH492    39.3634     .
SH493     0          .
SH494    64.9048     .
SH495   136.333      .
SH496     0          .
SH497   450.286      .
SH498   239.48       .
SH499   104.378      .
SH500   425.429      .
SH501   420.571      .
SH502     0          .
SH503     0          .
SH504     0          .
SH505     0          .
SH506     0          .
SH507    98.867      .
SH508   415.95       .
SH509     0          .
SH510     0          .
SH511   398          .
SH512    30.4036     .
SH513   327.342      .
SH514   396.857      .
SH515     0          .
SH516   425.143      .
SH517     0          .
SH518     0          .
SH519     0          .
SH520   123.142      .
SH521   231.57       .
SH522    54.1516     .
SH523   134.922      .
SH524    96.5308     .
SH525   152.446      .
SH526     0          .
SH527   258.751      .
SH528     0          .
SH529     0          .
SH530     0          .
SH531     0          .
SH532   475.429      .
SH533     0          .
SH534   406.286      .
SH535   440.571      .
SH536    31.9008     .
SH537   280.044      .
SH538     0          .
SH539     0          .
SH540   170.324      .
SH541     3.88484    .
SH542     0          .
SH543   332.093      .
SH544     0          .
SH545     0          .
SH546   275.725      .
SH547     0          .
SH548     0          .
SH549    61.0804     .
SH550     0          .
SH551     0          .
SH552   181.33       .
SH553     0          .
SH554     0          .
SH555     0          .
SH556   423.143      .
SH557   470.286      .
;

